** ComfyUI startup time: 2024-02-18 22:10:01.517050
[2024-02-18 22:10] ** Platform: Darwin
[2024-02-18 22:10] ** Python version: 3.11.7 (main, Dec  4 2023, 18:10:11) [Clang 15.0.0 (clang-1500.1.0.2.5)]
[2024-02-18 22:10] ** Python executable: /Users/kunihiko/GProjects/ComfyUIPJ/ComfyUI/venv/bin/python
[2024-02-18 22:10] ** Log path: /Users/kunihiko/GProjects/ComfyUIPJ/ComfyUI/comfyui.log
[2024-02-18 22:10] 
Prestartup times for custom nodes:
[2024-02-18 22:10]    0.0 seconds: /Users/kunihiko/GProjects/ComfyUIPJ/ComfyUI/custom_nodes/ComfyUI-Manager
[2024-02-18 22:10] 
[2024-02-18 22:10] Total VRAM 32768 MB, total RAM 32768 MB
[2024-02-18 22:10] Set vram state to: SHARED
[2024-02-18 22:10] Device: mps
[2024-02-18 22:10] VAE dtype: torch.float32
[2024-02-18 22:10] Using sub quadratic optimization for cross attention, if you have memory or speed issues try using: --use-split-cross-attention
[2024-02-18 22:10] ### Loading: ComfyUI-Manager (V2.7.2)
[2024-02-18 22:10] ### ComfyUI Revision: 1973 [7f89cb48] | Released on '2024-02-14'
[2024-02-18 22:10] Total VRAM 32768 MB, total RAM 32768 MB
[2024-02-18 22:10] Set vram state to: SHARED
[2024-02-18 22:10] Device: mps
[2024-02-18 22:10] VAE dtype: torch.float32
[2024-02-18 22:10] [0;33m[ReActor][0m - [38;5;173mSTATUS[0m - [0;32mRunning v0.4.1-b9 in ComfyUI[0m
[2024-02-18 22:10] Torch version: 2.2.0
[2024-02-18 22:10] [34mWAS Node Suite: [0mBlenderNeko's Advanced CLIP Text Encode found, attempting to enable `CLIPTextEncode` support.[0m
[2024-02-18 22:10] [34mWAS Node Suite: [0m`CLIPTextEncode (BlenderNeko Advanced + NSP)` node enabled under `WAS Suite/Conditioning` menu.[0m
[2024-02-18 22:10] [ComfyUI-Manager] default cache updated: https://raw.githubusercontent.com/ltdrdata/ComfyUI-Manager/main/model-list.json
[2024-02-18 22:10] [ComfyUI-Manager] default cache updated: https://raw.githubusercontent.com/ltdrdata/ComfyUI-Manager/main/alter-list.json
[2024-02-18 22:10] [34mWAS Node Suite: [0mOpenCV Python FFMPEG support is enabled[0m
[2024-02-18 22:10] [34mWAS Node Suite [93mWarning: [0m`ffmpeg_bin_path` is not set in `/Users/kunihiko/GProjects/ComfyUIPJ/ComfyUI/custom_nodes/was-node-suite-comfyui/was_suite_config.json` config file. Will attempt to use system ffmpeg binaries if available.[0m
[2024-02-18 22:10] [ComfyUI-Manager] default cache updated: https://raw.githubusercontent.com/ltdrdata/ComfyUI-Manager/main/extension-node-map.json
[2024-02-18 22:10] [ComfyUI-Manager] default cache updated: https://raw.githubusercontent.com/ltdrdata/ComfyUI-Manager/main/custom-node-list.json
[2024-02-18 22:10] [34mWAS Node Suite: [0mFinished.[0m [32mLoaded[0m [0m212[0m [32mnodes successfully.[0m
[2024-02-18 22:10] 
	[3m[93m"Success is not about being better than someone else. It's about being better than you used to be."[0m[3m - Unknown[0m
[2024-02-18 22:10] 
[2024-02-18 22:10] ### Loading: ComfyUI-Impact-Pack (V4.76.1)
[2024-02-18 22:10] ### Loading: ComfyUI-Impact-Pack (Subpack: V0.4)
[2024-02-18 22:10] Traceback (most recent call last):
  File "/Users/kunihiko/GProjects/ComfyUIPJ/ComfyUI/nodes.py", line 1893, in load_custom_node
    module_spec.loader.exec_module(module)
  File "<frozen importlib._bootstrap_external>", line 936, in exec_module
  File "<frozen importlib._bootstrap_external>", line 1073, in get_code
  File "<frozen importlib._bootstrap_external>", line 1130, in get_data
FileNotFoundError: [Errno 2] No such file or directory: '/Users/kunihiko/GProjects/ComfyUIPJ/ComfyUI/custom_nodes/pfg-ComfyUI/__init__.py'
[2024-02-18 22:10] 
[2024-02-18 22:10] Cannot import /Users/kunihiko/GProjects/ComfyUIPJ/ComfyUI/custom_nodes/pfg-ComfyUI module for custom nodes: [Errno 2] No such file or directory: '/Users/kunihiko/GProjects/ComfyUIPJ/ComfyUI/custom_nodes/pfg-ComfyUI/__init__.py'
[2024-02-18 22:10] [Impact Pack] Wildcards loading done.
[36;20m[comfyui_controlnet_aux] | INFO -> Using ckpts path: /Users/kunihiko/GProjects/ComfyUIPJ/ComfyUI/custom_nodes/comfyui_controlnet_aux/ckpts[0m
[2024-02-18 22:10] [36;20m[comfyui_controlnet_aux] | INFO -> Using symlinks: False[0m
[2024-02-18 22:10] [36;20m[comfyui_controlnet_aux] | INFO -> Using ort providers: ['CUDAExecutionProvider', 'DirectMLExecutionProvider', 'OpenVINOExecutionProvider', 'ROCMExecutionProvider', 'CPUExecutionProvider', 'CoreMLExecutionProvider'][0m
[2024-02-18 22:10] Current version of packaging: 23.2
[2024-02-18 22:10] Version of cpuinfo: Version information not found
[2024-02-18 22:10] Current version of git: 3.1.42
[2024-02-18 22:10] Current version of moviepy: 1.0.3
[2024-02-18 22:10] Current version of cv2: 4.7.0
[2024-02-18 22:10] Current version of skbuild: 0.17.6
[2024-02-18 22:10] Version of typing: Version information not found
[2024-02-18 22:10] Current version of diskcache: 5.6.3
[2024-02-18 22:10] Current version of llama_cpp: 0.2.44
[2024-02-18 22:10] Current version of timm: 0.9.12
[2024-02-18 22:10] timm is already up-to-date with version 0.9.12
[2024-02-18 22:10] [34mFizzleDorf Custom Nodes: [92mLoaded[0m
[2024-02-18 22:10] [92m[tinyterraNodes] [32mLoaded[0m
[2024-02-18 22:10] 
Import times for custom nodes:
[2024-02-18 22:10]    0.0 seconds: /Users/kunihiko/GProjects/ComfyUIPJ/ComfyUI/custom_nodes/ComfyUI_ADV_CLIP_emb
[2024-02-18 22:10]    0.0 seconds (IMPORT FAILED): /Users/kunihiko/GProjects/ComfyUIPJ/ComfyUI/custom_nodes/pfg-ComfyUI
[2024-02-18 22:10]    0.0 seconds: /Users/kunihiko/GProjects/ComfyUIPJ/ComfyUI/custom_nodes/ComfyUI_FizzNodes
[2024-02-18 22:10]    0.0 seconds: /Users/kunihiko/GProjects/ComfyUIPJ/ComfyUI/custom_nodes/ComfyUI-Custom-Scripts
[2024-02-18 22:10]    0.0 seconds: /Users/kunihiko/GProjects/ComfyUIPJ/ComfyUI/custom_nodes/comfyui-animatediff
[2024-02-18 22:10]    0.0 seconds: /Users/kunihiko/GProjects/ComfyUIPJ/ComfyUI/custom_nodes/ComfyUI-Advanced-ControlNet
[2024-02-18 22:10]    0.0 seconds: /Users/kunihiko/GProjects/ComfyUIPJ/ComfyUI/custom_nodes/ComfyUI-AnimateDiff-Evolved
[2024-02-18 22:10]    0.1 seconds: /Users/kunihiko/GProjects/ComfyUIPJ/ComfyUI/custom_nodes/ComfyUI-Manager
[2024-02-18 22:10]    0.1 seconds: /Users/kunihiko/GProjects/ComfyUIPJ/ComfyUI/custom_nodes/ComfyUI-AudioReactor
[2024-02-18 22:10]    0.1 seconds: /Users/kunihiko/GProjects/ComfyUIPJ/ComfyUI/custom_nodes/ComfyUI_tinyterraNodes
[2024-02-18 22:10]    0.2 seconds: /Users/kunihiko/GProjects/ComfyUIPJ/ComfyUI/custom_nodes/comfyui_controlnet_aux
[2024-02-18 22:10]    0.3 seconds: /Users/kunihiko/GProjects/ComfyUIPJ/ComfyUI/custom_nodes/ComfyUI-N-Nodes
[2024-02-18 22:10]    0.4 seconds: /Users/kunihiko/GProjects/ComfyUIPJ/ComfyUI/custom_nodes/ComfyUI-Impact-Pack
[2024-02-18 22:10]    0.5 seconds: /Users/kunihiko/GProjects/ComfyUIPJ/ComfyUI/custom_nodes/comfyui-reactor-node
[2024-02-18 22:10]    0.5 seconds: /Users/kunihiko/GProjects/ComfyUIPJ/ComfyUI/custom_nodes/was-node-suite-comfyui
[2024-02-18 22:10] 
[2024-02-18 22:10] Starting server
[2024-02-18 22:10] 
[2024-02-18 22:10] To see the GUI go to: http://127.0.0.1:8188
[2024-02-18 22:10] FETCH DATA from: /Users/kunihiko/GProjects/ComfyUIPJ/ComfyUI/custom_nodes/ComfyUI-Manager/extension-node-map.json
[2024-02-18 22:11] 
Stopped server
